Arguments: 
  c:\Program Files\nodejs\node.exe c:\Program Files (x86)\Yarn\bin\yarn.js start

PATH: 
  c:\Users\talwa_000\bin;.;C:\Program Files (x86)\Git\local\bin;C:\Program Files (x86)\Git\mingw\bin;C:\Program Files (x86)\Git\bin;c:\ProgramData\Oracle\Java\javapath;c:\Program Files (x86)\NVIDIA Corporation\PhysX\Common;c:\Program Files (x86)\Intel\iCLS Client\;c:\Program Files\Intel\iCLS Client\;c:\Windows\system32;c:\Windows;c:\Windows\System32\Wbem;c:\Windows\System32\WindowsPowerShell\v1.0\;c:\Program Files (x86)\Windows Live\Shared;c:\Program Files\Intel\Intel(R) Management Engine Components\DAL;c:\Program Files\Intel\Intel(R) Management Engine Components\IPT;c:\Program Files (x86)\Intel\Intel(R) Management Engine Components\DAL;c:\Program Files (x86)\Intel\Intel(R) Management Engine Components\IPT;c:\Program Files (x86)\Intel\OpenCL SDK\2.0\bin\x86;c:\Program Files (x86)\Intel\OpenCL SDK\2.0\bin\x64 ;c:\glassfish3\jdk\bin;c:\Program Files (x86)\Heroku\bin;C:\Program Files (x86)\Git\cmd;c:\ant\apache-ant-1.9.4\bin;c:\Users\talwa_000\Desktop\adt-bundle-windows-x86_64-20131030\sdk\tools;c:\Users\talwa_000\Desktop\adt-bundle-windows-x86_64-20131030\sdk\platform-tools;c:\Program Files\Perforce;c:\Program Files (x86)\Yarn\bin\;c:\Program Files\Git\cmd;c:\Program Files\nodejs\;c:\RailsInstaller\Git\cmd;c:\RailsInstaller\Ruby2.1.0\bin;c:\Users\talwa_000\AppData\Local\atom\bin;c:\Program Files\Microsoft VS Code\bin;c:\Users\talwa_000\AppData\Local\Yarn\bin;c:\Users\talwa_000\AppData\Roaming\npm

Yarn version: 
  1.5.1

Node version: 
  8.11.1

Platform: 
  win32 x64

npm manifest: 
  {
    "scripts": {
      "api": "node ratingsAPI.js",
      "build": "webpack",
      "dev": "webpack-dev-server",
      "format": "prettier --write --single-quote --print-width=120 --tab-width=2 \"js/**/*.{js,jsx}\"",
      "test": "jest",
      "test:coverage": "jest --coverage",
      "test:update": "jest -u",
      "watch": "webpack --watch"
    },
    "jest": {
      "snapshotSerializers": [
        "jest-serializer-enzyme"
      ]
    },
    "dependencies": {
      "axios": "0.16.1",
      "babel-plugin-dynamic-import-webpack": "1.0.1",
      "babel-plugin-transform-decorators-legacy": "1.3.4",
      "babel-register": "6.24.1",
      "compression": "1.6.2",
      "cors": "2.8.3",
      "express": "4.15.3",
      "jest-cli": "^22.4.3",
      "lodash": "4.17.4",
      "prop-types": "15.5.10",
      "react": "15.5.4",
      "react-dom": "15.5.4",
      "react-redux": "^5.0.5",
      "react-router-dom": "4.1.1",
      "redux": "^3.6.0",
      "redux-thunk": "2.2.0",
      "webpack": "3.5.6",
      "webpack-dev-middleware": "1.10.2",
      "webpack-hot-middleware": "2.18.0"
    },
    "devDependencies": {
      "babel-core": "6.24.1",
      "babel-eslint": "7.2.3",
      "babel-loader": "7.0.0",
      "babel-plugin-dynamic-import-node": "1.0.2",
      "babel-plugin-syntax-dynamic-import": "6.18.0",
      "babel-plugin-transform-class-properties": "6.24.1",
      "babel-plugin-transform-es2015-modules-commonjs": "6.24.1",
      "babel-preset-env": "1.5.1",
      "babel-preset-react": "6.24.1",
      "css-hot-loader": "^1.3.9",
      "css-loader": "^0.28.11",
      "enzyme": "2.8.2",
      "eslint": "3.19.0",
      "eslint-config-airbnb": "15.0.1",
      "eslint-config-prettier": "2.1.1",
      "eslint-config-react": "1.1.7",
      "eslint-loader": "1.7.1",
      "eslint-plugin-import": "2.3.0",
      "eslint-plugin-jsx-a11y": "5.0.3",
      "eslint-plugin-prettier": "2.1.1",
      "eslint-plugin-react": "7.0.1",
      "extract-text-webpack-plugin": "^2.1.2",
      "file-loader": "^1.1.11",
      "html-loader": "^0.5.5",
      "image-webpack-loader": "^4.2.0",
      "jest": "20.0.4",
      "jest-serializer-enzyme": "1.0.0",
      "moxios": "0.4.0",
      "node-sass": "4.8.3",
      "nodemon": "1.11.0",
      "prettier": "1.3.1",
      "react-hot-loader": "3.0.0-beta.6",
      "react-test-renderer": "15.5.4",
      "sass-loader": "6.0.7",
      "style-loader": "0.20.3",
      "svg-url-loader": "2.3.2",
      "uglifyjs-webpack-plugin": "^1.2.4",
      "url-loader": "1.0.1",
      "webpack-dev-server": "2.8.2"
    },
    "name": "seed-react-stack-project",
    "version": "1.0.0",
    "description": "A Seed project",
    "main": "server.js",
    "repository": "",
    "author": "Tal Waserman <talwaserman@gmail.com>",
    "license": "MIT"
  }

yarn manifest: 
  No manifest

Lockfile: 
  No lockfile

Trace: 
  Error: Command "start" not found.
      at new MessageError (c:\Program Files (x86)\Yarn\lib\cli.js:186:110)
      at c:\Program Files (x86)\Yarn\lib\cli.js:87307:17
      at Generator.next (<anonymous>)
      at step (c:\Program Files (x86)\Yarn\lib\cli.js:98:30)
      at c:\Program Files (x86)\Yarn\lib\cli.js:116:14
      at new Promise (<anonymous>)
      at new F (c:\Program Files (x86)\Yarn\lib\cli.js:23451:28)
      at c:\Program Files (x86)\Yarn\lib\cli.js:95:12
      at runCommand (c:\Program Files (x86)\Yarn\lib\cli.js:87312:22)
      at Object.<anonymous> (c:\Program Files (x86)\Yarn\lib\cli.js:87412:14)
